app/build/intermediates/manifest_merge_blame_file/debug/manifest-merger-blame-debug-report.txt
1<?xml version="1.0" encoding="utf-8"?>
2<manifest xmlns:android="http://schemas.android.com/apk/res/android"
3    package="com.lugares_v"
4    android:versionCode="1"
5    android:versionName="1.0" >
6
7    <uses-sdk
8        android:minSdkVersion="26"
8-->src/main/AndroidManifest.xml
9        android:targetSdkVersion="32" />
9-->src/main/AndroidManifest.xml
10
11    <!-- Este es para decirle al android que esta app requiere acceso a hacer llamadas -->
12    <uses-permission android:name="android.permission.CALL_PHONE" />
12-->src/main/AndroidManifest.xml:7:5-68
12-->src/main/AndroidManifest.xml:7:22-66
13
14    <!-- Estos permisos se requieren para la geolocalzación -->
15    <uses-permission android:name="android.permission.ACCESS_COARSE_LOCATION" />
15-->src/main/AndroidManifest.xml:10:5-80
15-->src/main/AndroidManifest.xml:10:22-78
16    <uses-permission android:name="android.permission.ACCESS_FINE_LOCATION" />
16-->src/main/AndroidManifest.xml:11:5-78
16-->src/main/AndroidManifest.xml:11:22-76
17    <uses-permission android:name="android.permission.RECORD_AUDIO" />
17-->src/main/AndroidManifest.xml:13:5-70
17-->src/main/AndroidManifest.xml:13:22-68
18    <uses-permission android:name="android.permission.WRITE_EXTERNAL_STORAGE" />
18-->src/main/AndroidManifest.xml:14:5-15:40
18-->src/main/AndroidManifest.xml:14:22-78
19    <uses-permission android:name="android.permission.INTERNET" />
19-->[com.google.firebase:firebase-auth:21.0.1] AndroidManifest.xml:23:5-67
19-->[com.google.firebase:firebase-auth:21.0.1] AndroidManifest.xml:23:22-64
20    <uses-permission android:name="android.permission.ACCESS_NETWORK_STATE" />
20-->[com.google.firebase:firebase-auth:21.0.1] AndroidManifest.xml:24:5-79
20-->[com.google.firebase:firebase-auth:21.0.1] AndroidManifest.xml:24:22-76
21
22    <uses-feature
22-->[com.google.android.gms:play-services-maps:18.1.0] AndroidManifest.xml:26:5-28:35
23        android:glEsVersion="0x00020000"
23-->[com.google.android.gms:play-services-maps:18.1.0] AndroidManifest.xml:27:9-41
24        android:required="true" />
24-->[com.google.android.gms:play-services-maps:18.1.0] AndroidManifest.xml:28:9-32
25
26    <queries>
26-->[com.google.android.gms:play-services-maps:18.1.0] AndroidManifest.xml:30:5-34:15
27
28        <!-- Needs to be explicitly declared on Android R+ -->
29        <package android:name="com.google.android.apps.maps" />
29-->[com.google.android.gms:play-services-maps:18.1.0] AndroidManifest.xml:33:9-64
29-->[com.google.android.gms:play-services-maps:18.1.0] AndroidManifest.xml:33:18-61
30    </queries> <!-- Permission will be merged into the manifest of the hosting app. -->
31    <!-- Is required to launch foreground extraction service for targetSdkVersion 28+. -->
32    <uses-permission android:name="android.permission.FOREGROUND_SERVICE" />
32-->[com.google.android.play:core:1.10.3] AndroidManifest.xml:13:5-77
32-->[com.google.android.play:core:1.10.3] AndroidManifest.xml:13:22-74
33
34    <application
34-->src/main/AndroidManifest.xml:17:5-51:19
35        android:allowBackup="true"
35-->src/main/AndroidManifest.xml:18:9-35
36        android:appComponentFactory="androidx.core.app.CoreComponentFactory"
36-->[androidx.core:core:1.8.0] AndroidManifest.xml:24:18-86
37        android:debuggable="true"
38        android:extractNativeLibs="false"
39        android:icon="@drawable/logo_size"
39-->src/main/AndroidManifest.xml:19:9-43
40        android:label="@string/app_name"
40-->src/main/AndroidManifest.xml:20:9-41
41        android:roundIcon="@drawable/logo_size"
41-->src/main/AndroidManifest.xml:21:9-48
42        android:supportsRtl="true"
42-->src/main/AndroidManifest.xml:22:9-35
43        android:testOnly="true"
44        android:theme="@style/Theme.Lugares_v" >
44-->src/main/AndroidManifest.xml:23:9-47
45        <activity
45-->src/main/AndroidManifest.xml:24:9-28:66
46            android:name="com.lugares_v.Principal"
46-->src/main/AndroidManifest.xml:25:13-38
47            android:exported="false"
47-->src/main/AndroidManifest.xml:26:13-37
48            android:label="@string/title_activity_principal"
48-->src/main/AndroidManifest.xml:27:13-61
49            android:theme="@style/Theme.Lugares_v.NoActionBar" />
49-->src/main/AndroidManifest.xml:28:13-63
50        <activity
50-->src/main/AndroidManifest.xml:29:9-37:20
51            android:name="com.lugares_v.MainActivity"
51-->src/main/AndroidManifest.xml:30:13-41
52            android:exported="true" >
52-->src/main/AndroidManifest.xml:31:13-36
53            <intent-filter>
53-->src/main/AndroidManifest.xml:32:13-36:29
54                <action android:name="android.intent.action.MAIN" />
54-->src/main/AndroidManifest.xml:33:17-69
54-->src/main/AndroidManifest.xml:33:25-66
55
56                <category android:name="android.intent.category.LAUNCHER" />
56-->src/main/AndroidManifest.xml:35:17-77
56-->src/main/AndroidManifest.xml:35:27-74
57            </intent-filter>
58        </activity>
59
60        <!-- Esto se requiere para buscar las imagenes capturadas de la cámara -->
61        <!-- ojo el archivo llamado file_paths en la carpeta xml -->
62        <provider
63            android:name="androidx.core.content.FileProvider"
63-->src/main/AndroidManifest.xml:42:13-62
64            android:authorities="com.lugares_v.provider"
64-->src/main/AndroidManifest.xml:43:13-60
65            android:exported="false"
65-->src/main/AndroidManifest.xml:44:13-37
66            android:grantUriPermissions="true" >
66-->src/main/AndroidManifest.xml:45:13-47
67            <meta-data
67-->src/main/AndroidManifest.xml:46:13-48:53
68                android:name="android.support.FILE_PROVIDER_PATHS"
68-->src/main/AndroidManifest.xml:47:17-67
69                android:resource="@xml/file_paths" />
69-->src/main/AndroidManifest.xml:48:17-51
70        </provider>
71
72        <activity
72-->[com.google.android.gms:play-services-auth:20.2.0] AndroidManifest.xml:23:9-27:75
73            android:name="com.google.android.gms.auth.api.signin.internal.SignInHubActivity"
73-->[com.google.android.gms:play-services-auth:20.2.0] AndroidManifest.xml:24:13-93
74            android:excludeFromRecents="true"
74-->[com.google.android.gms:play-services-auth:20.2.0] AndroidManifest.xml:25:13-46
75            android:exported="false"
75-->[com.google.android.gms:play-services-auth:20.2.0] AndroidManifest.xml:26:13-37
76            android:theme="@android:style/Theme.Translucent.NoTitleBar" />
76-->[com.google.android.gms:play-services-auth:20.2.0] AndroidManifest.xml:27:13-72
77        <!--
78            Service handling Google Sign-In user revocation. For apps that do not integrate with
79            Google Sign-In, this service will never be started.
80        -->
81        <service
81-->[com.google.android.gms:play-services-auth:20.2.0] AndroidManifest.xml:33:9-37:51
82            android:name="com.google.android.gms.auth.api.signin.RevocationBoundService"
82-->[com.google.android.gms:play-services-auth:20.2.0] AndroidManifest.xml:34:13-89
83            android:exported="true"
83-->[com.google.android.gms:play-services-auth:20.2.0] AndroidManifest.xml:35:13-36
84            android:permission="com.google.android.gms.auth.api.signin.permission.REVOCATION_NOTIFICATION"
84-->[com.google.android.gms:play-services-auth:20.2.0] AndroidManifest.xml:36:13-107
85            android:visibleToInstantApps="true" />
85-->[com.google.android.gms:play-services-auth:20.2.0] AndroidManifest.xml:37:13-48
86        <service
86-->[com.google.firebase:firebase-auth-ktx:21.0.1] AndroidManifest.xml:8:9-14:19
87            android:name="com.google.firebase.components.ComponentDiscoveryService"
87-->[com.google.firebase:firebase-auth-ktx:21.0.1] AndroidManifest.xml:9:13-84
88            android:directBootAware="true"
88-->[com.google.firebase:firebase-common:20.0.0] AndroidManifest.xml:35:13-43
89            android:exported="false" >
89-->[com.google.firebase:firebase-auth-ktx:21.0.1] AndroidManifest.xml:10:13-37
90            <meta-data
90-->[com.google.firebase:firebase-auth-ktx:21.0.1] AndroidManifest.xml:11:13-13:85
91                android:name="com.google.firebase.components:com.google.firebase.auth.ktx.FirebaseAuthKtxRegistrar"
91-->[com.google.firebase:firebase-auth-ktx:21.0.1] AndroidManifest.xml:12:17-116
92                android:value="com.google.firebase.components.ComponentRegistrar" />
92-->[com.google.firebase:firebase-auth-ktx:21.0.1] AndroidManifest.xml:13:17-82
93            <meta-data
93-->[com.google.firebase:firebase-auth:21.0.1] AndroidManifest.xml:77:13-79:85
94                android:name="com.google.firebase.components:com.google.firebase.auth.FirebaseAuthRegistrar"
94-->[com.google.firebase:firebase-auth:21.0.1] AndroidManifest.xml:78:17-109
95                android:value="com.google.firebase.components.ComponentRegistrar" />
95-->[com.google.firebase:firebase-auth:21.0.1] AndroidManifest.xml:79:17-82
96            <meta-data
96-->[com.google.firebase:firebase-storage-ktx:20.0.0] AndroidManifest.xml:15:13-17:85
97                android:name="com.google.firebase.components:com.google.firebase.storage.ktx.FirebaseStorageKtxRegistrar"
97-->[com.google.firebase:firebase-storage-ktx:20.0.0] AndroidManifest.xml:16:17-122
98                android:value="com.google.firebase.components.ComponentRegistrar" />
98-->[com.google.firebase:firebase-storage-ktx:20.0.0] AndroidManifest.xml:17:17-82
99            <meta-data
99-->[com.google.firebase:firebase-storage:20.0.0] AndroidManifest.xml:33:13-35:85
100                android:name="com.google.firebase.components:com.google.firebase.storage.StorageRegistrar"
100-->[com.google.firebase:firebase-storage:20.0.0] AndroidManifest.xml:34:17-107
101                android:value="com.google.firebase.components.ComponentRegistrar" />
101-->[com.google.firebase:firebase-storage:20.0.0] AndroidManifest.xml:35:17-82
102            <meta-data
102-->[com.google.firebase:firebase-firestore-ktx:24.0.1] AndroidManifest.xml:15:13-17:85
103                android:name="com.google.firebase.components:com.google.firebase.firestore.ktx.FirebaseFirestoreKtxRegistrar"
103-->[com.google.firebase:firebase-firestore-ktx:24.0.1] AndroidManifest.xml:16:17-126
104                android:value="com.google.firebase.components.ComponentRegistrar" />
104-->[com.google.firebase:firebase-firestore-ktx:24.0.1] AndroidManifest.xml:17:17-82
105            <meta-data
105-->[com.google.firebase:firebase-firestore:24.0.1] AndroidManifest.xml:20:13-22:85
106                android:name="com.google.firebase.components:com.google.firebase.firestore.FirestoreRegistrar"
106-->[com.google.firebase:firebase-firestore:24.0.1] AndroidManifest.xml:21:17-111
107                android:value="com.google.firebase.components.ComponentRegistrar" />
107-->[com.google.firebase:firebase-firestore:24.0.1] AndroidManifest.xml:22:17-82
108            <meta-data
108-->[com.google.firebase:firebase-common-ktx:20.0.0] AndroidManifest.xml:15:13-17:85
109                android:name="com.google.firebase.components:com.google.firebase.ktx.FirebaseCommonKtxRegistrar"
109-->[com.google.firebase:firebase-common-ktx:20.0.0] AndroidManifest.xml:16:17-113
110                android:value="com.google.firebase.components.ComponentRegistrar" />
110-->[com.google.firebase:firebase-common-ktx:20.0.0] AndroidManifest.xml:17:17-82
111        </service>
112
113        <activity
113-->[com.google.firebase:firebase-auth:21.0.1] AndroidManifest.xml:27:9-44:20
114            android:name="com.google.firebase.auth.internal.GenericIdpActivity"
114-->[com.google.firebase:firebase-auth:21.0.1] AndroidManifest.xml:28:13-80
115            android:excludeFromRecents="true"
115-->[com.google.firebase:firebase-auth:21.0.1] AndroidManifest.xml:29:13-46
116            android:exported="true"
116-->[com.google.firebase:firebase-auth:21.0.1] AndroidManifest.xml:30:13-36
117            android:launchMode="singleTask"
117-->[com.google.firebase:firebase-auth:21.0.1] AndroidManifest.xml:31:13-44
118            android:theme="@android:style/Theme.Translucent.NoTitleBar" >
118-->[com.google.firebase:firebase-auth:21.0.1] AndroidManifest.xml:32:13-72
119            <intent-filter>
119-->[com.google.firebase:firebase-auth:21.0.1] AndroidManifest.xml:33:13-43:29
120                <action android:name="android.intent.action.VIEW" />
120-->[com.google.firebase:firebase-auth:21.0.1] AndroidManifest.xml:34:17-69
120-->[com.google.firebase:firebase-auth:21.0.1] AndroidManifest.xml:34:25-66
121
122                <category android:name="android.intent.category.DEFAULT" />
122-->[com.google.firebase:firebase-auth:21.0.1] AndroidManifest.xml:36:17-76
122-->[com.google.firebase:firebase-auth:21.0.1] AndroidManifest.xml:36:27-73
123                <category android:name="android.intent.category.BROWSABLE" />
123-->[com.google.firebase:firebase-auth:21.0.1] AndroidManifest.xml:37:17-78
123-->[com.google.firebase:firebase-auth:21.0.1] AndroidManifest.xml:37:27-75
124
125                <data
125-->[com.google.firebase:firebase-auth:21.0.1] AndroidManifest.xml:39:17-42:51
126                    android:host="firebase.auth"
126-->[com.google.firebase:firebase-auth:21.0.1] AndroidManifest.xml:40:21-49
127                    android:path="/"
127-->[com.google.firebase:firebase-auth:21.0.1] AndroidManifest.xml:41:21-37
128                    android:scheme="genericidp" />
128-->[com.google.firebase:firebase-auth:21.0.1] AndroidManifest.xml:42:21-48
129            </intent-filter>
130        </activity>
131        <activity
131-->[com.google.firebase:firebase-auth:21.0.1] AndroidManifest.xml:45:9-62:20
132            android:name="com.google.firebase.auth.internal.RecaptchaActivity"
132-->[com.google.firebase:firebase-auth:21.0.1] AndroidManifest.xml:46:13-79
133            android:excludeFromRecents="true"
133-->[com.google.firebase:firebase-auth:21.0.1] AndroidManifest.xml:47:13-46
134            android:exported="true"
134-->[com.google.firebase:firebase-auth:21.0.1] AndroidManifest.xml:48:13-36
135            android:launchMode="singleTask"
135-->[com.google.firebase:firebase-auth:21.0.1] AndroidManifest.xml:49:13-44
136            android:theme="@android:style/Theme.Translucent.NoTitleBar" >
136-->[com.google.firebase:firebase-auth:21.0.1] AndroidManifest.xml:50:13-72
137            <intent-filter>
137-->[com.google.firebase:firebase-auth:21.0.1] AndroidManifest.xml:51:13-61:29
138                <action android:name="android.intent.action.VIEW" />
138-->[com.google.firebase:firebase-auth:21.0.1] AndroidManifest.xml:34:17-69
138-->[com.google.firebase:firebase-auth:21.0.1] AndroidManifest.xml:34:25-66
139
140                <category android:name="android.intent.category.DEFAULT" />
140-->[com.google.firebase:firebase-auth:21.0.1] AndroidManifest.xml:36:17-76
140-->[com.google.firebase:firebase-auth:21.0.1] AndroidManifest.xml:36:27-73
141                <category android:name="android.intent.category.BROWSABLE" />
141-->[com.google.firebase:firebase-auth:21.0.1] AndroidManifest.xml:37:17-78
141-->[com.google.firebase:firebase-auth:21.0.1] AndroidManifest.xml:37:27-75
142
143                <data
143-->[com.google.firebase:firebase-auth:21.0.1] AndroidManifest.xml:39:17-42:51
144                    android:host="firebase.auth"
144-->[com.google.firebase:firebase-auth:21.0.1] AndroidManifest.xml:40:21-49
145                    android:path="/"
145-->[com.google.firebase:firebase-auth:21.0.1] AndroidManifest.xml:41:21-37
146                    android:scheme="recaptcha" />
146-->[com.google.firebase:firebase-auth:21.0.1] AndroidManifest.xml:42:21-48
147            </intent-filter>
148        </activity>
149
150        <service
150-->[com.google.firebase:firebase-auth:21.0.1] AndroidManifest.xml:64:9-73:19
151            android:name="com.google.firebase.auth.api.fallback.service.FirebaseAuthFallbackService"
151-->[com.google.firebase:firebase-auth:21.0.1] AndroidManifest.xml:65:13-101
152            android:enabled="true"
152-->[com.google.firebase:firebase-auth:21.0.1] AndroidManifest.xml:66:13-35
153            android:exported="false" >
153-->[com.google.firebase:firebase-auth:21.0.1] AndroidManifest.xml:67:13-37
154            <intent-filter>
154-->[com.google.firebase:firebase-auth:21.0.1] AndroidManifest.xml:68:13-72:29
155                <action android:name="com.google.firebase.auth.api.gms.service.START" />
155-->[com.google.firebase:firebase-auth:21.0.1] AndroidManifest.xml:69:17-89
155-->[com.google.firebase:firebase-auth:21.0.1] AndroidManifest.xml:69:25-86
156
157                <category android:name="android.intent.category.DEFAULT" />
157-->[com.google.firebase:firebase-auth:21.0.1] AndroidManifest.xml:36:17-76
157-->[com.google.firebase:firebase-auth:21.0.1] AndroidManifest.xml:36:27-73
158            </intent-filter>
159        </service> <!-- Needs to be explicitly declared on P+ -->
160        <uses-library
160-->[com.google.android.gms:play-services-maps:18.1.0] AndroidManifest.xml:39:9-41:40
161            android:name="org.apache.http.legacy"
161-->[com.google.android.gms:play-services-maps:18.1.0] AndroidManifest.xml:40:13-50
162            android:required="false" />
162-->[com.google.android.gms:play-services-maps:18.1.0] AndroidManifest.xml:41:13-37
163
164        <activity
164-->[com.google.android.gms:play-services-base:18.0.1] AndroidManifest.xml:20:9-22:45
165            android:name="com.google.android.gms.common.api.GoogleApiActivity"
165-->[com.google.android.gms:play-services-base:18.0.1] AndroidManifest.xml:20:19-85
166            android:exported="false"
166-->[com.google.android.gms:play-services-base:18.0.1] AndroidManifest.xml:22:19-43
167            android:theme="@android:style/Theme.Translucent.NoTitleBar" />
167-->[com.google.android.gms:play-services-base:18.0.1] AndroidManifest.xml:21:19-78
168
169        <provider
169-->[com.google.firebase:firebase-common:20.0.0] AndroidManifest.xml:26:9-31:39
170            android:name="com.google.firebase.provider.FirebaseInitProvider"
170-->[com.google.firebase:firebase-common:20.0.0] AndroidManifest.xml:27:13-77
171            android:authorities="com.lugares_v.firebaseinitprovider"
171-->[com.google.firebase:firebase-common:20.0.0] AndroidManifest.xml:28:13-72
172            android:directBootAware="true"
172-->[com.google.firebase:firebase-common:20.0.0] AndroidManifest.xml:29:13-43
173            android:exported="false"
173-->[com.google.firebase:firebase-common:20.0.0] AndroidManifest.xml:30:13-37
174            android:initOrder="100" />
174-->[com.google.firebase:firebase-common:20.0.0] AndroidManifest.xml:31:13-36
175
176        <meta-data
176-->[com.google.android.gms:play-services-basement:18.0.0] AndroidManifest.xml:21:9-23:69
177            android:name="com.google.android.gms.version"
177-->[com.google.android.gms:play-services-basement:18.0.0] AndroidManifest.xml:22:13-58
178            android:value="@integer/google_play_services_version" />
178-->[com.google.android.gms:play-services-basement:18.0.0] AndroidManifest.xml:23:13-66
179
180        <uses-library
180-->[androidx.window:window:1.0.0] AndroidManifest.xml:25:9-27:40
181            android:name="androidx.window.extensions"
181-->[androidx.window:window:1.0.0] AndroidManifest.xml:26:13-54
182            android:required="false" />
182-->[androidx.window:window:1.0.0] AndroidManifest.xml:27:13-37
183        <uses-library
183-->[androidx.window:window:1.0.0] AndroidManifest.xml:28:9-30:40
184            android:name="androidx.window.sidecar"
184-->[androidx.window:window:1.0.0] AndroidManifest.xml:29:13-51
185            android:required="false" />
185-->[androidx.window:window:1.0.0] AndroidManifest.xml:30:13-37
186
187        <service
187-->[androidx.camera:camera-camera2:1.1.0] AndroidManifest.xml:26:9-35:19
188            android:name="androidx.camera.core.impl.MetadataHolderService"
188-->[androidx.camera:camera-camera2:1.1.0] AndroidManifest.xml:27:13-75
189            android:enabled="false"
189-->[androidx.camera:camera-camera2:1.1.0] AndroidManifest.xml:28:13-36
190            android:exported="false" >
190-->[androidx.camera:camera-camera2:1.1.0] AndroidManifest.xml:29:13-37
191            <meta-data
191-->[androidx.camera:camera-camera2:1.1.0] AndroidManifest.xml:32:13-34:89
192                android:name="androidx.camera.core.impl.MetadataHolderService.DEFAULT_CONFIG_PROVIDER"
192-->[androidx.camera:camera-camera2:1.1.0] AndroidManifest.xml:33:17-103
193                android:value="androidx.camera.camera2.Camera2Config$DefaultProvider" />
193-->[androidx.camera:camera-camera2:1.1.0] AndroidManifest.xml:34:17-86
194        </service>
195
196        <provider
196-->[androidx.emoji2:emoji2:1.0.0] AndroidManifest.xml:26:9-34:20
197            android:name="androidx.startup.InitializationProvider"
197-->[androidx.emoji2:emoji2:1.0.0] AndroidManifest.xml:27:13-67
198            android:authorities="com.lugares_v.androidx-startup"
198-->[androidx.emoji2:emoji2:1.0.0] AndroidManifest.xml:28:13-68
199            android:exported="false" >
199-->[androidx.emoji2:emoji2:1.0.0] AndroidManifest.xml:29:13-37
200            <meta-data
200-->[androidx.emoji2:emoji2:1.0.0] AndroidManifest.xml:31:13-33:52
201                android:name="androidx.emoji2.text.EmojiCompatInitializer"
201-->[androidx.emoji2:emoji2:1.0.0] AndroidManifest.xml:32:17-75
202                android:value="androidx.startup" />
202-->[androidx.emoji2:emoji2:1.0.0] AndroidManifest.xml:33:17-49
203            <meta-data
203-->[androidx.lifecycle:lifecycle-process:2.4.0] AndroidManifest.xml:31:13-33:52
204                android:name="androidx.lifecycle.ProcessLifecycleInitializer"
204-->[androidx.lifecycle:lifecycle-process:2.4.0] AndroidManifest.xml:32:17-78
205                android:value="androidx.startup" />
205-->[androidx.lifecycle:lifecycle-process:2.4.0] AndroidManifest.xml:33:17-49
206        </provider> <!-- The activities will be merged into the manifest of the hosting app. -->
207        <activity
207-->[com.google.android.play:core:1.10.3] AndroidManifest.xml:18:9-24:45
208            android:name="com.google.android.play.core.missingsplits.PlayCoreMissingSplitsActivity"
208-->[com.google.android.play:core:1.10.3] AndroidManifest.xml:19:13-100
209            android:enabled="false"
209-->[com.google.android.play:core:1.10.3] AndroidManifest.xml:20:13-36
210            android:exported="false"
210-->[com.google.android.play:core:1.10.3] AndroidManifest.xml:21:13-37
211            android:launchMode="singleInstance"
211-->[com.google.android.play:core:1.10.3] AndroidManifest.xml:22:13-48
212            android:process=":playcore_missing_splits_activity"
212-->[com.google.android.play:core:1.10.3] AndroidManifest.xml:23:13-64
213            android:stateNotNeeded="true" />
213-->[com.google.android.play:core:1.10.3] AndroidManifest.xml:24:13-42
214        <activity
214-->[com.google.android.play:core:1.10.3] AndroidManifest.xml:25:9-29:65
215            android:name="com.google.android.play.core.common.PlayCoreDialogWrapperActivity"
215-->[com.google.android.play:core:1.10.3] AndroidManifest.xml:26:13-93
216            android:exported="false"
216-->[com.google.android.play:core:1.10.3] AndroidManifest.xml:27:13-37
217            android:stateNotNeeded="true"
217-->[com.google.android.play:core:1.10.3] AndroidManifest.xml:28:13-42
218            android:theme="@style/Theme.PlayCore.Transparent" /> <!-- The services will be merged into the manifest of the hosting app. -->
218-->[com.google.android.play:core:1.10.3] AndroidManifest.xml:29:13-62
219        <service
219-->[com.google.android.play:core:1.10.3] AndroidManifest.xml:32:9-39:19
220            android:name="com.google.android.play.core.assetpacks.AssetPackExtractionService"
220-->[com.google.android.play:core:1.10.3] AndroidManifest.xml:33:13-94
221            android:enabled="false"
221-->[com.google.android.play:core:1.10.3] AndroidManifest.xml:34:13-36
222            android:exported="true" >
222-->[com.google.android.play:core:1.10.3] AndroidManifest.xml:35:13-36
223            <meta-data
223-->[com.google.android.play:core:1.10.3] AndroidManifest.xml:36:13-38:41
224                android:name="com.google.android.play.core.assetpacks.versionCode"
224-->[com.google.android.play:core:1.10.3] AndroidManifest.xml:37:17-83
225                android:value="11003" />
225-->[com.google.android.play:core:1.10.3] AndroidManifest.xml:38:17-38
226        </service>
227        <service
227-->[com.google.android.play:core:1.10.3] AndroidManifest.xml:40:9-43:40
228            android:name="com.google.android.play.core.assetpacks.ExtractionForegroundService"
228-->[com.google.android.play:core:1.10.3] AndroidManifest.xml:41:13-95
229            android:enabled="false"
229-->[com.google.android.play:core:1.10.3] AndroidManifest.xml:42:13-36
230            android:exported="false" />
230-->[com.google.android.play:core:1.10.3] AndroidManifest.xml:43:13-37
231    </application>
232
233</manifest>